2026-04-08 14:21:36,090 [INFO] 日本脳卒中学会: content changed (cleaned)
2026-04-08 14:21:36,090 [INFO] URL: https://www.jsts.gr.jp/index.html
2026-04-08 14:21:36,090 [INFO] Change Window: 2026-03-30 15:08:14,056 -> 2026-04-08 14:21:36,090
2026-04-08 14:21:36,090 [INFO] Diff for 日本脳卒中学会.txt:
--- previous
+++ current
@@ cleaned @@
+2026.04.03 令和7年度 「循環器疾患・糖尿病等生活習慣病対策実用化研究事業」に係る公募について
+締め切り：令和8年4月14日（火） 正午
2026-04-08 14:21:36,142 [INFO] 日本脳卒中学会ガイドライン: no significant content changed
2026-04-08 14:21:36,142 [INFO] URL: https://www.jsts.gr.jp/stroke_guidelines/index.html
2026-04-08 14:21:36,142 [INFO] Change Window: 2026-03-30 15:08:14,104 -> 2026-04-08 14:21:36,142
2026-04-08 14:21:36,727 [INFO] 日本循環器学会: content changed (cleaned)
2026-04-08 14:21:36,727 [INFO] URL: https://www.j-circ.or.jp/topics/
2026-04-08 14:21:36,727 [INFO] Change Window: 2026-03-30 15:08:14,593 -> 2026-04-08 14:21:36,727
2026-04-08 14:21:36,727 [INFO] Diff for 日本循環器学会.txt:
--- previous
+++ current
@@ cleaned @@
+2026/04/06
+集中・救急医療部会
+「救急・集中治療における生命維持治療の終了／差し控えに関する4学会合同ガイドライン」パブリックコメント募集終了のお知らせと御礼
-2026/03/03
-基本法・5ヵ年計画検討委員会
-脳卒中と循環器病克服 第三次5カ年計画策定のお知らせ （2026〜2030年度）
2026-04-08 14:21:37,049 [INFO] 日本循環器学会ガイドライン: content changed (cleaned)
2026-04-08 14:21:37,049 [INFO] URL: https://www.j-circ.or.jp/guideline/guideline-series/
2026-04-08 14:21:37,049 [INFO] Change Window: 2026-03-30 15:08:14,926 -> 2026-04-08 14:21:37,049
2026-04-08 14:21:37,049 [INFO] Diff for 日本循環器学会ガイドライン.txt:
--- previous
+++ current
@@ cleaned @@
+正誤表
2026-04-08 14:21:37,138 [INFO] 日本内科学会: no significant content changed
2026-04-08 14:21:37,138 [INFO] URL: https://jams.med.or.jp/index.html
2026-04-08 14:21:37,138 [INFO] Change Window: 2026-03-30 15:08:15,081 -> 2026-04-08 14:21:37,138
2026-04-08 14:21:37,473 [INFO] 日本感染症学会: content changed (cleaned)
2026-04-08 14:21:37,473 [INFO] URL: https://www.kansensho.or.jp/
2026-04-08 14:21:37,473 [INFO] Change Window: 2026-03-30 15:08:15,332 -> 2026-04-08 14:21:37,473
2026-04-08 14:21:37,473 [INFO] Diff for 日本感染症学会.txt:
--- previous
+++ current
@@ cleaned @@
-2026年3月27日 NEW
+2026年4月7日 NEW
+エリスロシン®点滴静注用 500mg 通常出荷再開のお知らせ（ヴィアトリス製薬合同会社）
+2026年4月7日 NEW
+2026年度研究助成公募開始（シオノギ感染症研究振興財団）＊詳細は各研究助成のサイトをご確認ください。
+2026年4月7日 NEW
+Short course and Symposium in Nagasaki, Japan ～Vaccinology: Science and Public Health～（開催日時：2026年8月24日～28日、Short course応募期限：2026年4月30日まで、シンポジウム応募期限：2026年7月31日まで）（長崎大学感染症研究出島特区ワクチン研究開発拠点）
+2026年4月7日 NEW
+2026年度大阪大学微生物病研究所・免疫学フロンティア研究センター 合同研究所説明会・見学会（オンライン）のお知らせ（申込締切：2026年5月26日）（大阪大学微生物学病研究所）
+2026年4月7日 NEW
+感染対策担当者のためのセミナー開催のご案内（一般社団法人日本病院会）
+2026年4月1日
+限定出荷での供給再開のお知らせ（ヴィアトリス製薬合同会社）
+2026年4月1日
+関連団体
+2026年度一般研究助成募集（応募受付期間：2026年4月1日～5月31日 17時）（公益財団法人杜の都医学振興財団）
+2026年3月27日
+関連団体
-2026年2月10日
-「献血グロベニン®-I 静注用 2500mg/5000mg」の代替期間終了 及び「グロベニン®-I 10%静注」の代替使用に関するご案内（武田薬品工業株式会社）
-2026年2月9日
-ラリキシン錠250mg限定出荷解除（通常出荷）のご連絡（富士フイルム富山化学株式会社）
-2026年2月9日
-第32回日本医学会総会（事前参加登録開始と見どころ・聞きどころのご案内）
-2026年2月5日
-学会から
-製品供給に関するご案内（2026年2月）（長生堂製薬株式会社、日本ジェネリック株式会社）
-2026年2月5日
-令和8年度「地球規模保健課題解決推進のための研究事業」に係る公募について（提出締切：2026年3月19日（木曜日）正午）（国立研究開発法人日本医療研究開発機構（AMED））
-2026年2月3日
-学会から
-2025/2026 シーズン向けオミクロン株LP.8.1 対応「スパイクバックス®筋注シリンジ」販売終了に関するお知らせ（2件）（モデルナ・ジャパン株式会社）
-2026年1月23日
-第35回医師・臨床検査技師・薬剤師・看護師のための感染症学セミナー（開催日：2026年3月11日−12日、申込締切：2026年3月4日）（一般社団法人日本臨床微生物学会）
2026-04-08 14:21:37,593 [INFO] 日本感染症学会ガイドライン: content changed (cleaned)
2026-04-08 14:21:37,593 [INFO] URL: https://www.kansensho.or.jp/modules/guidelines/index.php?content_id=2
2026-04-08 14:21:37,593 [INFO] Change Window: 2026-03-30 15:08:15,450 -> 2026-04-08 14:21:37,593
2026-04-08 14:21:37,593 [INFO] Diff for 日本感染症学会ガイドライン.txt:
--- previous
+++ current
@@ cleaned @@
-ガイドライン・提言｜ガイドライン・提言｜日本感染症学会
+ガイドライン INDEX｜ガイドライン・提言｜日本感染症学会
