2026-03-30 15:08:06,215 [INFO] Run started (UTC 2026-03-30T06:08:06.215790)
2026-03-30 15:08:06,333 [INFO] 日本脳卒中学会: no text change
2026-03-30 15:08:06,382 [INFO] 日本脳卒中学会ガイドライン: no text change
2026-03-30 15:08:06,800 [INFO] 日本循環器学会: content changed; writing diff below
2026-03-30 15:08:06,800 [INFO] Diff for 日本循環器学会.txt:
--- previous
+++ current
@@ -117,12 +117,12 @@
 ホーム
 トピックス
 トピックス
-会員
-セミナー・講習会
 お知らせ
 ステートメント
 依頼・公募・アンケート
 一般
+会員
+セミナー・講習会
 お知らせ一覧
 2026/03/27
 お知らせ
2026-03-30 15:08:07,188 [INFO] 日本循環器学会ガイドライン: no text change
2026-03-30 15:08:07,264 [INFO] 日本内科学会: no text change
2026-03-30 15:08:07,501 [INFO] 日本感染症学会: no text change
2026-03-30 15:08:07,702 [INFO] 日本感染症学会ガイドライン: no text change
2026-03-30 15:08:07,702 [INFO] Run finished
2026-03-30 15:08:13,989 [INFO] Run started (UTC 2026-03-30T06:08:13.989142)
2026-03-30 15:08:14,056 [INFO] 日本脳卒中学会: no text change
2026-03-30 15:08:14,104 [INFO] 日本脳卒中学会ガイドライン: no text change
2026-03-30 15:08:14,593 [INFO] 日本循環器学会: no text change
2026-03-30 15:08:14,926 [INFO] 日本循環器学会ガイドライン: no text change
2026-03-30 15:08:15,081 [INFO] 日本内科学会: no text change
2026-03-30 15:08:15,332 [INFO] 日本感染症学会: no text change
2026-03-30 15:08:15,450 [INFO] 日本感染症学会ガイドライン: content changed; writing diff below
2026-03-30 15:08:15,450 [INFO] Diff for 日本感染症学会ガイドライン.txt:
--- previous
+++ current
@@ -1,4 +1,4 @@
-ガイドライン INDEX｜ガイドライン・提言｜日本感染症学会
+ガイドライン・提言｜ガイドライン・提言｜日本感染症学会
 » English
 Twitter
 Links
2026-03-30 15:08:15,451 [INFO] Run finished
